The system is: CYGWIN - 2.10.0(0.325/5/3) - x86_64
Compiling the C compiler identification source file "CMakeCCompilerId.c" succeeded.
Compiler: C:/cygwin64/bin/gcc.exe 
Build flags: 
Id flags:  

The output was:
0


Compilation of the C compiler identification source "CMakeCCompilerId.c" produced "a.exe"

The C compiler identification is GNU, found in "/cygdrive/c/Users/Admin/Documents/GitHub/ACM_pracstise/CF/HJH_493DIV1/cmake-build-debug/CMakeFiles/3.10.3/CompilerIdC/a.exe"

Compiling the CXX compiler identification source file "CMakeCXXCompilerId.cpp" succeeded.
Compiler: C:/cygwin64/bin/c++.exe 
Build flags: 
Id flags:  

The output was:
0


Compilation of the CXX compiler identification source "CMakeCXXCompilerId.cpp" produced "a.exe"

The CXX compiler identification is GNU, found in "/cygdrive/c/Users/Admin/Documents/GitHub/ACM_pracstise/CF/HJH_493DIV1/cmake-build-debug/CMakeFiles/3.10.3/CompilerIdCXX/a.exe"

Determining if the C compiler works passed with the following output:
Change Dir: /cygdrive/c/Users/Admin/Documents/GitHub/ACM_pracstise/CF/HJH_493DIV1/cmake-build-debug/CMakeFiles/CMakeTmp

Run Build Command:"C:/cygwin64/bin/make.exe" "cmTC_8ba2f/fast"
C:/cygwin64/bin/make -f CMakeFiles/cmTC_8ba2f.dir/build.make CMakeFiles/cmTC_8ba2f.dir/build
make[1]: Entering directory '/cygdrive/c/Users/Admin/Documents/GitHub/ACM_pracstise/CF/HJH_493DIV1/cmake-build-debug/CMakeFiles/CMakeTmp'
Building C object CMakeFiles/cmTC_8ba2f.dir/testCCompiler.c.o
C:/cygwin64/bin/gcc.exe    -o CMakeFiles/cmTC_8ba2f.dir/testCCompiler.c.o   -c /cygdrive/c/Users/Admin/Documents/GitHub/ACM_pracstise/CF/HJH_493DIV1/cmake-build-debug/CMakeFiles/CMakeTmp/testCCompiler.c
Linking C executable cmTC_8ba2f.exe
/cygdrive/c/Users/Admin/.CLion2018.1/system/cygwin_cmake/bin/cmake.exe -E cmake_link_script CMakeFiles/cmTC_8ba2f.dir/link.txt --verbose=1
C:/cygwin64/bin/gcc.exe    -Wl,--enable-auto-import  CMakeFiles/cmTC_8ba2f.dir/testCCompiler.c.o  -o cmTC_8ba2f.exe -Wl,--out-implib,libcmTC_8ba2f.dll.a -Wl,--major-image-version,0,--minor-image-version,0 
make[1]: Leaving directory '/cygdrive/c/Users/Admin/Documents/GitHub/ACM_pracstise/CF/HJH_493DIV1/cmake-build-debug/CMakeFiles/CMakeTmp'


Detecting C compiler ABI info compiled with the following output:
Change Dir: /cygdrive/c/Users/Admin/Documents/GitHub/ACM_pracstise/CF/HJH_493DIV1/cmake-build-debug/CMakeFiles/CMakeTmp

Run Build Command:"C:/cygwin64/bin/make.exe" "cmTC_64e76/fast"
C:/cygwin64/bin/make -f CMakeFiles/cmTC_64e76.dir/build.make CMakeFiles/cmTC_64e76.dir/build
make[1]: Entering directory '/cygdrive/c/Users/Admin/Documents/GitHub/ACM_pracstise/CF/HJH_493DIV1/cmake-build-debug/CMakeFiles/CMakeTmp'
Building C object CMakeFiles/cmTC_64e76.dir/CMakeCCompilerABI.c.o
C:/cygwin64/bin/gcc.exe    -o CMakeFiles/cmTC_64e76.dir/CMakeCCompilerABI.c.o   -c /cygdrive/c/Users/Admin/.CLion2018.1/system/cygwin_cmake/share/cmake-3.10.3/Modules/CMakeCCompilerABI.c
Linking C executable cmTC_64e76.exe
/cygdrive/c/Users/Admin/.CLion2018.1/system/cygwin_cmake/bin/cmake.exe -E cmake_link_script CMakeFiles/cmTC_64e76.dir/link.txt --verbose=1
C:/cygwin64/bin/gcc.exe    -Wl,--enable-auto-import -v CMakeFiles/cmTC_64e76.dir/CMakeCCompilerABI.c.o  -o cmTC_64e76.exe -Wl,--out-implib,libcmTC_64e76.dll.a -Wl,--major-image-version,0,--minor-image-version,0 
Using built-in specs.
COLLECT_GCC=C:/cygwin64/bin/gcc
COLLECT_LTO_WRAPPER=/usr/lib/gcc/x86_64-pc-cygwin/7.3.0/lto-wrapper.exe
Target: x86_64-pc-cygwin
Configured with: /cygdrive/i/szsz/tmpp/gcc/gcc-7.3.0-3.x86_64/src/gcc-7.3.0/configure --srcdir=/cygdrive/i/szsz/tmpp/gcc/gcc-7.3.0-3.x86_64/src/gcc-7.3.0 --prefix=/usr --exec-prefix=/usr --localstatedir=/var --sysconfdir=/etc --docdir=/usr/share/doc/gcc --htmldir=/usr/share/doc/gcc/html -C --build=x86_64-pc-cygwin --host=x86_64-pc-cygwin --target=x86_64-pc-cygwin --without-libiconv-prefix --without-libintl-prefix --libexecdir=/usr/lib --enable-shared --enable-shared-libgcc --enable-static --enable-version-specific-runtime-libs --enable-bootstrap --enable-__cxa_atexit --with-dwarf2 --with-tune=generic --enable-languages=ada,c,c++,fortran,lto,objc,obj-c++ --enable-graphite --enable-threads=posix --enable-libatomic --enable-libcilkrts --enable-libgomp --enable-libitm --enable-libquadmath --enable-libquadmath-support --disable-libssp --enable-libada --disable-symvers --with-gnu-ld --with-gnu-as --with-cloog-include=/usr/include/cloog-isl --without-libiconv-prefix --without-libintl-prefix --with-system-zlib --enable-linker-build-id --with-default-libstdcxx-abi=gcc4-compatible --enable-libstdcxx-filesystem-ts
Thread model: posix
gcc version 7.3.0 (GCC) 
COMPILER_PATH=/usr/lib/gcc/x86_64-pc-cygwin/7.3.0/:/usr/lib/gcc/x86_64-pc-cygwin/7.3.0/:/usr/lib/gcc/x86_64-pc-cygwin/:/usr/lib/gcc/x86_64-pc-cygwin/7.3.0/:/usr/lib/gcc/x86_64-pc-cygwin/:/usr/lib/gcc/x86_64-pc-cygwin/7.3.0/../../../../x86_64-pc-cygwin/bin/
LIBRARY_PATH=/usr/lib/gcc/x86_64-pc-cygwin/7.3.0/:/usr/lib/gcc/x86_64-pc-cygwin/7.3.0/../../../../x86_64-pc-cygwin/lib/../lib/:/usr/lib/gcc/x86_64-pc-cygwin/7.3.0/../../../../lib/:/lib/../lib/:/usr/lib/../lib/:/usr/lib/gcc/x86_64-pc-cygwin/7.3.0/../../../../x86_64-pc-cygwin/lib/:/usr/lib/gcc/x86_64-pc-cygwin/7.3.0/../../../:/lib/:/usr/lib/
COLLECT_GCC_OPTIONS='-v' '-o' 'cmTC_64e76.exe' '-mtune=generic' '-march=x86-64'
 /usr/lib/gcc/x86_64-pc-cygwin/7.3.0/collect2.exe -plugin /usr/lib/gcc/x86_64-pc-cygwin/7.3.0/cyglto_plugin.dll -plugin-opt=/usr/lib/gcc/x86_64-pc-cygwin/7.3.0/lto-wrapper.exe -plugin-opt=-fresolution=/tmp/ccT1MjhR.res -plugin-opt=-pass-through=-lgcc_s -plugin-opt=-pass-through=-lgcc -plugin-opt=-pass-through=-lcygwin -plugin-opt=-pass-through=-ladvapi32 -plugin-opt=-pass-through=-lshell32 -plugin-opt=-pass-through=-luser32 -plugin-opt=-pass-through=-lkernel32 -plugin-opt=-pass-through=-lgcc_s -plugin-opt=-pass-through=-lgcc --build-id -m i386pep --wrap _Znwm --wrap _Znam --wrap _ZdlPv --wrap _ZdaPv --wrap _ZnwmRKSt9nothrow_t --wrap _ZnamRKSt9nothrow_t --wrap _ZdlPvRKSt9nothrow_t --wrap _ZdaPvRKSt9nothrow_t -Bdynamic --dll-search-prefix=cyg --tsaware -o cmTC_64e76.exe /usr/lib/gcc/x86_64-pc-cygwin/7.3.0/../../../../lib/crt0.o /usr/lib/gcc/x86_64-pc-cygwin/7.3.0/crtbegin.o -L/usr/lib/gcc/x86_64-pc-cygwin/7.3.0 -L/usr/lib/gcc/x86_64-pc-cygwin/7.3.0/../../../../x86_64-pc-cygwin/lib/../lib -L/usr/lib/gcc/x86_64-pc-cygwin/7.3.0/../../../../lib -L/lib/../lib -L/usr/lib/../lib -L/usr/lib/gcc/x86_64-pc-cygwin/7.3.0/../../../../x86_64-pc-cygwin/lib -L/usr/lib/gcc/x86_64-pc-cygwin/7.3.0/../../.. --enable-auto-import CMakeFiles/cmTC_64e76.dir/CMakeCCompilerABI.c.o --out-implib libcmTC_64e76.dll.a --major-image-version 0 --minor-image-version 0 -lgcc_s -lgcc -lcygwin -ladvapi32 -lshell32 -luser32 -lkernel32 -lgcc_s -lgcc /usr/lib/gcc/x86_64-pc-cygwin/7.3.0/../../../../lib/default-manifest.o /usr/lib/gcc/x86_64-pc-cygwin/7.3.0/crtend.o
COLLECT_GCC_OPTIONS='-v' '-o' 'cmTC_64e76.exe' '-mtune=generic' '-march=x86-64'
make[1]: Leaving directory '/cygdrive/c/Users/Admin/Documents/GitHub/ACM_pracstise/CF/HJH_493DIV1/cmake-build-debug/CMakeFiles/CMakeTmp'


Parsed C implicit link information from above output:
  link line regex: [^( *|.*[/\])(ld\.exe|CMAKE_LINK_STARTFILE-NOTFOUND|([^/\]+-)?ld|collect2)[^/\]*( |$)]
  ignore line: [Change Dir: /cygdrive/c/Users/Admin/Documents/GitHub/ACM_pracstise/CF/HJH_493DIV1/cmake-build-debug/CMakeFiles/CMakeTmp]
  ignore line: []
  ignore line: [Run Build Command:"C:/cygwin64/bin/make.exe" "cmTC_64e76/fast"]
  ignore line: [C:/cygwin64/bin/make -f CMakeFiles/cmTC_64e76.dir/build.make CMakeFiles/cmTC_64e76.dir/build]
  ignore line: [make[1]: Entering directory '/cygdrive/c/Users/Admin/Documents/GitHub/ACM_pracstise/CF/HJH_493DIV1/cmake-build-debug/CMakeFiles/CMakeTmp']
  ignore line: [Building C object CMakeFiles/cmTC_64e76.dir/CMakeCCompilerABI.c.o]
  ignore line: [C:/cygwin64/bin/gcc.exe    -o CMakeFiles/cmTC_64e76.dir/CMakeCCompilerABI.c.o   -c /cygdrive/c/Users/Admin/.CLion2018.1/system/cygwin_cmake/share/cmake-3.10.3/Modules/CMakeCCompilerABI.c]
  ignore line: [Linking C executable cmTC_64e76.exe]
  ignore line: [/cygdrive/c/Users/Admin/.CLion2018.1/system/cygwin_cmake/bin/cmake.exe -E cmake_link_script CMakeFiles/cmTC_64e76.dir/link.txt --verbose=1]
  ignore line: [C:/cygwin64/bin/gcc.exe    -Wl,--enable-auto-import -v CMakeFiles/cmTC_64e76.dir/CMakeCCompilerABI.c.o  -o cmTC_64e76.exe -Wl,--out-implib,libcmTC_64e76.dll.a -Wl,--major-image-version,0,--minor-image-version,0 ]
  ignore line: [Using built-in specs.]
  ignore line: [COLLECT_GCC=C:/cygwin64/bin/gcc]
  ignore line: [COLLECT_LTO_WRAPPER=/usr/lib/gcc/x86_64-pc-cygwin/7.3.0/lto-wrapper.exe]
  ignore line: [Target: x86_64-pc-cygwin]
  ignore line: [Configured with: /cygdrive/i/szsz/tmpp/gcc/gcc-7.3.0-3.x86_64/src/gcc-7.3.0/configure --srcdir=/cygdrive/i/szsz/tmpp/gcc/gcc-7.3.0-3.x86_64/src/gcc-7.3.0 --prefix=/usr --exec-prefix=/usr --localstatedir=/var --sysconfdir=/etc --docdir=/usr/share/doc/gcc --htmldir=/usr/share/doc/gcc/html -C --build=x86_64-pc-cygwin --host=x86_64-pc-cygwin --target=x86_64-pc-cygwin --without-libiconv-prefix --without-libintl-prefix --libexecdir=/usr/lib --enable-shared --enable-shared-libgcc --enable-static --enable-version-specific-runtime-libs --enable-bootstrap --enable-__cxa_atexit --with-dwarf2 --with-tune=generic --enable-languages=ada,c,c++,fortran,lto,objc,obj-c++ --enable-graphite --enable-threads=posix --enable-libatomic --enable-libcilkrts --enable-libgomp --enable-libitm --enable-libquadmath --enable-libquadmath-support --disable-libssp --enable-libada --disable-symvers --with-gnu-ld --with-gnu-as --with-cloog-include=/usr/include/cloog-isl --without-libiconv-prefix --without-libintl-prefix --with-system-zlib --enable-linker-build-id --with-default-libstdcxx-abi=gcc4-compatible --enable-libstdcxx-filesystem-ts]
  ignore line: [Thread model: posix]
  ignore line: [gcc version 7.3.0 (GCC) ]
  ignore line: [COMPILER_PATH=/usr/lib/gcc/x86_64-pc-cygwin/7.3.0/:/usr/lib/gcc/x86_64-pc-cygwin/7.3.0/:/usr/lib/gcc/x86_64-pc-cygwin/:/usr/lib/gcc/x86_64-pc-cygwin/7.3.0/:/usr/lib/gcc/x86_64-pc-cygwin/:/usr/lib/gcc/x86_64-pc-cygwin/7.3.0/../../../../x86_64-pc-cygwin/bin/]
  ignore line: [LIBRARY_PATH=/usr/lib/gcc/x86_64-pc-cygwin/7.3.0/:/usr/lib/gcc/x86_64-pc-cygwin/7.3.0/../../../../x86_64-pc-cygwin/lib/../lib/:/usr/lib/gcc/x86_64-pc-cygwin/7.3.0/../../../../lib/:/lib/../lib/:/usr/lib/../lib/:/usr/lib/gcc/x86_64-pc-cygwin/7.3.0/../../../../x86_64-pc-cygwin/lib/:/usr/lib/gcc/x86_64-pc-cygwin/7.3.0/../../../:/lib/:/usr/lib/]
  ignore line: [COLLECT_GCC_OPTIONS='-v' '-o' 'cmTC_64e76.exe' '-mtune=generic' '-march=x86-64']
  link line: [ /usr/lib/gcc/x86_64-pc-cygwin/7.3.0/collect2.exe -plugin /usr/lib/gcc/x86_64-pc-cygwin/7.3.0/cyglto_plugin.dll -plugin-opt=/usr/lib/gcc/x86_64-pc-cygwin/7.3.0/lto-wrapper.exe -plugin-opt=-fresolution=/tmp/ccT1MjhR.res -plugin-opt=-pass-through=-lgcc_s -plugin-opt=-pass-through=-lgcc -plugin-opt=-pass-through=-lcygwin -plugin-opt=-pass-through=-ladvapi32 -plugin-opt=-pass-through=-lshell32 -plugin-opt=-pass-through=-luser32 -plugin-opt=-pass-through=-lkernel32 -plugin-opt=-pass-through=-lgcc_s -plugin-opt=-pass-through=-lgcc --build-id -m i386pep --wrap _Znwm --wrap _Znam --wrap _ZdlPv --wrap _ZdaPv --wrap _ZnwmRKSt9nothrow_t --wrap _ZnamRKSt9nothrow_t --wrap _ZdlPvRKSt9nothrow_t --wrap _ZdaPvRKSt9nothrow_t -Bdynamic --dll-search-prefix=cyg --tsaware -o cmTC_64e76.exe /usr/lib/gcc/x86_64-pc-cygwin/7.3.0/../../../../lib/crt0.o /usr/lib/gcc/x86_64-pc-cygwin/7.3.0/crtbegin.o -L/usr/lib/gcc/x86_64-pc-cygwin/7.3.0 -L/usr/lib/gcc/x86_64-pc-cygwin/7.3.0/../../../../x86_64-pc-cygwin/lib/../lib -L/usr/lib/gcc/x86_64-pc-cygwin/7.3.0/../../../../lib -L/lib/../lib -L/usr/lib/../lib -L/usr/lib/gcc/x86_64-pc-cygwin/7.3.0/../../../../x86_64-pc-cygwin/lib -L/usr/lib/gcc/x86_64-pc-cygwin/7.3.0/../../.. --enable-auto-import CMakeFiles/cmTC_64e76.dir/CMakeCCompilerABI.c.o --out-implib libcmTC_64e76.dll.a --major-image-version 0 --minor-image-version 0 -lgcc_s -lgcc -lcygwin -ladvapi32 -lshell32 -luser32 -lkernel32 -lgcc_s -lgcc /usr/lib/gcc/x86_64-pc-cygwin/7.3.0/../../../../lib/default-manifest.o /usr/lib/gcc/x86_64-pc-cygwin/7.3.0/crtend.o]
    arg [/usr/lib/gcc/x86_64-pc-cygwin/7.3.0/collect2.exe] ==> ignore
    arg [-plugin] ==> ignore
    arg [/usr/lib/gcc/x86_64-pc-cygwin/7.3.0/cyglto_plugin.dll] ==> ignore
    arg [-plugin-opt=/usr/lib/gcc/x86_64-pc-cygwin/7.3.0/lto-wrapper.exe] ==> ignore
    arg [-plugin-opt=-fresolution=/tmp/ccT1MjhR.res] ==> ignore
    arg [-plugin-opt=-pass-through=-lgcc_s] ==> ignore
    arg [-plugin-opt=-pass-through=-lgcc] ==> ignore
    arg [-plugin-opt=-pass-through=-lcygwin] ==> ignore
    arg [-plugin-opt=-pass-through=-ladvapi32] ==> ignore
    arg [-plugin-opt=-pass-through=-lshell32] ==> ignore
    arg [-plugin-opt=-pass-through=-luser32] ==> ignore
    arg [-plugin-opt=-pass-through=-lkernel32] ==> ignore
    arg [-plugin-opt=-pass-through=-lgcc_s] ==> ignore
    arg [-plugin-opt=-pass-through=-lgcc] ==> ignore
    arg [--build-id] ==> ignore
    arg [-m] ==> ignore
    arg [i386pep] ==> ignore
    arg [--wrap] ==> ignore
    arg [_Znwm] ==> ignore
    arg [--wrap] ==> ignore
    arg [_Znam] ==> ignore
    arg [--wrap] ==> ignore
    arg [_ZdlPv] ==> ignore
    arg [--wrap] ==> ignore
    arg [_ZdaPv] ==> ignore
    arg [--wrap] ==> ignore
    arg [_ZnwmRKSt9nothrow_t] ==> ignore
    arg [--wrap] ==> ignore
    arg [_ZnamRKSt9nothrow_t] ==> ignore
    arg [--wrap] ==> ignore
    arg [_ZdlPvRKSt9nothrow_t] ==> ignore
    arg [--wrap] ==> ignore
    arg [_ZdaPvRKSt9nothrow_t] ==> ignore
    arg [-Bdynamic] ==> ignore
    arg [--dll-search-prefix=cyg] ==> ignore
    arg [--tsaware] ==> ignore
    arg [-o] ==> ignore
    arg [cmTC_64e76.exe] ==> ignore
    arg [/usr/lib/gcc/x86_64-pc-cygwin/7.3.0/../../../../lib/crt0.o] ==> ignore
    arg [/usr/lib/gcc/x86_64-pc-cygwin/7.3.0/crtbegin.o] ==> ignore
    arg [-L/usr/lib/gcc/x86_64-pc-cygwin/7.3.0] ==> dir [/usr/lib/gcc/x86_64-pc-cygwin/7.3.0]
    arg [-L/usr/lib/gcc/x86_64-pc-cygwin/7.3.0/../../../../x86_64-pc-cygwin/lib/../lib] ==> dir [/usr/lib/gcc/x86_64-pc-cygwin/7.3.0/../../../../x86_64-pc-cygwin/lib/../lib]
    arg [-L/usr/lib/gcc/x86_64-pc-cygwin/7.3.0/../../../../lib] ==> dir [/usr/lib/gcc/x86_64-pc-cygwin/7.3.0/../../../../lib]
    arg [-L/lib/../lib] ==> dir [/lib/../lib]
    arg [-L/usr/lib/../lib] ==> dir [/usr/lib/../lib]
    arg [-L/usr/lib/gcc/x86_64-pc-cygwin/7.3.0/../../../../x86_64-pc-cygwin/lib] ==> dir [/usr/lib/gcc/x86_64-pc-cygwin/7.3.0/../../../../x86_64-pc-cygwin/lib]
    arg [-L/usr/lib/gcc/x86_64-pc-cygwin/7.3.0/../../..] ==> dir [/usr/lib/gcc/x86_64-pc-cygwin/7.3.0/../../..]
    arg [--enable-auto-import] ==> ignore
    arg [CMakeFiles/cmTC_64e76.dir/CMakeCCompilerABI.c.o] ==> ignore
    arg [--out-implib] ==> ignore
    arg [libcmTC_64e76.dll.a] ==> ignore
    arg [--major-image-version] ==> ignore
    arg [0] ==> ignore
    arg [--minor-image-version] ==> ignore
    arg [0] ==> ignore
    arg [-lgcc_s] ==> lib [gcc_s]
    arg [-lgcc] ==> lib [gcc]
    arg [-lcygwin] ==> lib [cygwin]
    arg [-ladvapi32] ==> lib [advapi32]
    arg [-lshell32] ==> lib [shell32]
    arg [-luser32] ==> lib [user32]
    arg [-lkernel32] ==> lib [kernel32]
    arg [-lgcc_s] ==> lib [gcc_s]
    arg [-lgcc] ==> lib [gcc]
    arg [/usr/lib/gcc/x86_64-pc-cygwin/7.3.0/../../../../lib/default-manifest.o] ==> ignore
    arg [/usr/lib/gcc/x86_64-pc-cygwin/7.3.0/crtend.o] ==> ignore
  collapse library dir [/usr/lib/gcc/x86_64-pc-cygwin/7.3.0] ==> [/usr/lib/gcc/x86_64-pc-cygwin/7.3.0]
  collapse library dir [/usr/lib/gcc/x86_64-pc-cygwin/7.3.0/../../../../x86_64-pc-cygwin/lib/../lib] ==> [/usr/x86_64-pc-cygwin/lib]
  collapse library dir [/usr/lib/gcc/x86_64-pc-cygwin/7.3.0/../../../../lib] ==> [/usr/lib]
  collapse library dir [/lib/../lib] ==> [/lib]
  collapse library dir [/usr/lib/../lib] ==> [/usr/lib]
  collapse library dir [/usr/lib/gcc/x86_64-pc-cygwin/7.3.0/../../../../x86_64-pc-cygwin/lib] ==> [/usr/x86_64-pc-cygwin/lib]
  collapse library dir [/usr/lib/gcc/x86_64-pc-cygwin/7.3.0/../../..] ==> [/usr/lib]
  implicit libs: [gcc_s;gcc;cygwin;advapi32;shell32;user32;kernel32;gcc_s;gcc]
  implicit dirs: [/usr/lib/gcc/x86_64-pc-cygwin/7.3.0;/usr/x86_64-pc-cygwin/lib;/usr/lib;/lib]
  implicit fwks: []




Detecting C [-std=c11] compiler features compiled with the following output:
Change Dir: /cygdrive/c/Users/Admin/Documents/GitHub/ACM_pracstise/CF/HJH_493DIV1/cmake-build-debug/CMakeFiles/CMakeTmp

Run Build Command:"C:/cygwin64/bin/make.exe" "cmTC_d2a8b/fast"
C:/cygwin64/bin/make -f CMakeFiles/cmTC_d2a8b.dir/build.make CMakeFiles/cmTC_d2a8b.dir/build
make[1]: Entering directory '/cygdrive/c/Users/Admin/Documents/GitHub/ACM_pracstise/CF/HJH_493DIV1/cmake-build-debug/CMakeFiles/CMakeTmp'
Building C object CMakeFiles/cmTC_d2a8b.dir/feature_tests.c.o
C:/cygwin64/bin/gcc.exe   -std=c11 -o CMakeFiles/cmTC_d2a8b.dir/feature_tests.c.o   -c /cygdrive/c/Users/Admin/Documents/GitHub/ACM_pracstise/CF/HJH_493DIV1/cmake-build-debug/CMakeFiles/feature_tests.c
Linking C executable cmTC_d2a8b.exe
/cygdrive/c/Users/Admin/.CLion2018.1/system/cygwin_cmake/bin/cmake.exe -E cmake_link_script CMakeFiles/cmTC_d2a8b.dir/link.txt --verbose=1
C:/cygwin64/bin/gcc.exe    -Wl,--enable-auto-import  CMakeFiles/cmTC_d2a8b.dir/feature_tests.c.o  -o cmTC_d2a8b.exe -Wl,--out-implib,libcmTC_d2a8b.dll.a -Wl,--major-image-version,0,--minor-image-version,0 
make[1]: Leaving directory '/cygdrive/c/Users/Admin/Documents/GitHub/ACM_pracstise/CF/HJH_493DIV1/cmake-build-debug/CMakeFiles/CMakeTmp'


    Feature record: C_FEATURE:1c_function_prototypes
    Feature record: C_FEATURE:1c_restrict
    Feature record: C_FEATURE:1c_static_assert
    Feature record: C_FEATURE:1c_variadic_macros


Detecting C [-std=c99] compiler features compiled with the following output:
Change Dir: /cygdrive/c/Users/Admin/Documents/GitHub/ACM_pracstise/CF/HJH_493DIV1/cmake-build-debug/CMakeFiles/CMakeTmp

Run Build Command:"C:/cygwin64/bin/make.exe" "cmTC_e6d1d/fast"
C:/cygwin64/bin/make -f CMakeFiles/cmTC_e6d1d.dir/build.make CMakeFiles/cmTC_e6d1d.dir/build
make[1]: Entering directory '/cygdrive/c/Users/Admin/Documents/GitHub/ACM_pracstise/CF/HJH_493DIV1/cmake-build-debug/CMakeFiles/CMakeTmp'
Building C object CMakeFiles/cmTC_e6d1d.dir/feature_tests.c.o
C:/cygwin64/bin/gcc.exe   -std=c99 -o CMakeFiles/cmTC_e6d1d.dir/feature_tests.c.o   -c /cygdrive/c/Users/Admin/Documents/GitHub/ACM_pracstise/CF/HJH_493DIV1/cmake-build-debug/CMakeFiles/feature_tests.c
Linking C executable cmTC_e6d1d.exe
/cygdrive/c/Users/Admin/.CLion2018.1/system/cygwin_cmake/bin/cmake.exe -E cmake_link_script CMakeFiles/cmTC_e6d1d.dir/link.txt --verbose=1
C:/cygwin64/bin/gcc.exe    -Wl,--enable-auto-import  CMakeFiles/cmTC_e6d1d.dir/feature_tests.c.o  -o cmTC_e6d1d.exe -Wl,--out-implib,libcmTC_e6d1d.dll.a -Wl,--major-image-version,0,--minor-image-version,0 
make[1]: Leaving directory '/cygdrive/c/Users/Admin/Documents/GitHub/ACM_pracstise/CF/HJH_493DIV1/cmake-build-debug/CMakeFiles/CMakeTmp'


    Feature record: C_FEATURE:1c_function_prototypes
    Feature record: C_FEATURE:1c_restrict
    Feature record: C_FEATURE:0c_static_assert
    Feature record: C_FEATURE:1c_variadic_macros


Detecting C [-std=c90] compiler features compiled with the following output:
Change Dir: /cygdrive/c/Users/Admin/Documents/GitHub/ACM_pracstise/CF/HJH_493DIV1/cmake-build-debug/CMakeFiles/CMakeTmp

Run Build Command:"C:/cygwin64/bin/make.exe" "cmTC_36731/fast"
C:/cygwin64/bin/make -f CMakeFiles/cmTC_36731.dir/build.make CMakeFiles/cmTC_36731.dir/build
make[1]: Entering directory '/cygdrive/c/Users/Admin/Documents/GitHub/ACM_pracstise/CF/HJH_493DIV1/cmake-build-debug/CMakeFiles/CMakeTmp'
Building C object CMakeFiles/cmTC_36731.dir/feature_tests.c.o
C:/cygwin64/bin/gcc.exe   -std=c90 -o CMakeFiles/cmTC_36731.dir/feature_tests.c.o   -c /cygdrive/c/Users/Admin/Documents/GitHub/ACM_pracstise/CF/HJH_493DIV1/cmake-build-debug/CMakeFiles/feature_tests.c
Linking C executable cmTC_36731.exe
/cygdrive/c/Users/Admin/.CLion2018.1/system/cygwin_cmake/bin/cmake.exe -E cmake_link_script CMakeFiles/cmTC_36731.dir/link.txt --verbose=1
C:/cygwin64/bin/gcc.exe    -Wl,--enable-auto-import  CMakeFiles/cmTC_36731.dir/feature_tests.c.o  -o cmTC_36731.exe -Wl,--out-implib,libcmTC_36731.dll.a -Wl,--major-image-version,0,--minor-image-version,0 
make[1]: Leaving directory '/cygdrive/c/Users/Admin/Documents/GitHub/ACM_pracstise/CF/HJH_493DIV1/cmake-build-debug/CMakeFiles/CMakeTmp'


    Feature record: C_FEATURE:1c_function_prototypes
    Feature record: C_FEATURE:0c_restrict
    Feature record: C_FEATURE:0c_static_assert
    Feature record: C_FEATURE:0c_variadic_macros
Determining if the CXX compiler works passed with the following output:
Change Dir: /cygdrive/c/Users/Admin/Documents/GitHub/ACM_pracstise/CF/HJH_493DIV1/cmake-build-debug/CMakeFiles/CMakeTmp

Run Build Command:"C:/cygwin64/bin/make.exe" "cmTC_23281/fast"
C:/cygwin64/bin/make -f CMakeFiles/cmTC_23281.dir/build.make CMakeFiles/cmTC_23281.dir/build
make[1]: Entering directory '/cygdrive/c/Users/Admin/Documents/GitHub/ACM_pracstise/CF/HJH_493DIV1/cmake-build-debug/CMakeFiles/CMakeTmp'
Building CXX object CMakeFiles/cmTC_23281.dir/testCXXCompiler.cxx.o
C:/cygwin64/bin/c++.exe     -o CMakeFiles/cmTC_23281.dir/testCXXCompiler.cxx.o -c /cygdrive/c/Users/Admin/Documents/GitHub/ACM_pracstise/CF/HJH_493DIV1/cmake-build-debug/CMakeFiles/CMakeTmp/testCXXCompiler.cxx
Linking CXX executable cmTC_23281.exe
/cygdrive/c/Users/Admin/.CLion2018.1/system/cygwin_cmake/bin/cmake.exe -E cmake_link_script CMakeFiles/cmTC_23281.dir/link.txt --verbose=1
C:/cygwin64/bin/c++.exe    -Wl,--enable-auto-import  CMakeFiles/cmTC_23281.dir/testCXXCompiler.cxx.o  -o cmTC_23281.exe -Wl,--out-implib,libcmTC_23281.dll.a -Wl,--major-image-version,0,--minor-image-version,0 
make[1]: Leaving directory '/cygdrive/c/Users/Admin/Documents/GitHub/ACM_pracstise/CF/HJH_493DIV1/cmake-build-debug/CMakeFiles/CMakeTmp'


Detecting CXX compiler ABI info compiled with the following output:
Change Dir: /cygdrive/c/Users/Admin/Documents/GitHub/ACM_pracstise/CF/HJH_493DIV1/cmake-build-debug/CMakeFiles/CMakeTmp

Run Build Command:"C:/cygwin64/bin/make.exe" "cmTC_bb08d/fast"
C:/cygwin64/bin/make -f CMakeFiles/cmTC_bb08d.dir/build.make CMakeFiles/cmTC_bb08d.dir/build
make[1]: Entering directory '/cygdrive/c/Users/Admin/Documents/GitHub/ACM_pracstise/CF/HJH_493DIV1/cmake-build-debug/CMakeFiles/CMakeTmp'
Building CXX object CMakeFiles/cmTC_bb08d.dir/CMakeCXXCompilerABI.cpp.o
C:/cygwin64/bin/c++.exe     -o CMakeFiles/cmTC_bb08d.dir/CMakeCXXCompilerABI.cpp.o -c /cygdrive/c/Users/Admin/.CLion2018.1/system/cygwin_cmake/share/cmake-3.10.3/Modules/CMakeCXXCompilerABI.cpp
Linking CXX executable cmTC_bb08d.exe
/cygdrive/c/Users/Admin/.CLion2018.1/system/cygwin_cmake/bin/cmake.exe -E cmake_link_script CMakeFiles/cmTC_bb08d.dir/link.txt --verbose=1
C:/cygwin64/bin/c++.exe    -Wl,--enable-auto-import -v CMakeFiles/cmTC_bb08d.dir/CMakeCXXCompilerABI.cpp.o  -o cmTC_bb08d.exe -Wl,--out-implib,libcmTC_bb08d.dll.a -Wl,--major-image-version,0,--minor-image-version,0 
Using built-in specs.
COLLECT_GCC=C:/cygwin64/bin/c++
COLLECT_LTO_WRAPPER=/usr/lib/gcc/x86_64-pc-cygwin/7.3.0/lto-wrapper.exe
Target: x86_64-pc-cygwin
Configured with: /cygdrive/i/szsz/tmpp/gcc/gcc-7.3.0-3.x86_64/src/gcc-7.3.0/configure --srcdir=/cygdrive/i/szsz/tmpp/gcc/gcc-7.3.0-3.x86_64/src/gcc-7.3.0 --prefix=/usr --exec-prefix=/usr --localstatedir=/var --sysconfdir=/etc --docdir=/usr/share/doc/gcc --htmldir=/usr/share/doc/gcc/html -C --build=x86_64-pc-cygwin --host=x86_64-pc-cygwin --target=x86_64-pc-cygwin --without-libiconv-prefix --without-libintl-prefix --libexecdir=/usr/lib --enable-shared --enable-shared-libgcc --enable-static --enable-version-specific-runtime-libs --enable-bootstrap --enable-__cxa_atexit --with-dwarf2 --with-tune=generic --enable-languages=ada,c,c++,fortran,lto,objc,obj-c++ --enable-graphite --enable-threads=posix --enable-libatomic --enable-libcilkrts --enable-libgomp --enable-libitm --enable-libquadmath --enable-libquadmath-support --disable-libssp --enable-libada --disable-symvers --with-gnu-ld --with-gnu-as --with-cloog-include=/usr/include/cloog-isl --without-libiconv-prefix --without-libintl-prefix --with-system-zlib --enable-linker-build-id --with-default-libstdcxx-abi=gcc4-compatible --enable-libstdcxx-filesystem-ts
Thread model: posix
gcc version 7.3.0 (GCC) 
COMPILER_PATH=/usr/lib/gcc/x86_64-pc-cygwin/7.3.0/:/usr/lib/gcc/x86_64-pc-cygwin/7.3.0/:/usr/lib/gcc/x86_64-pc-cygwin/:/usr/lib/gcc/x86_64-pc-cygwin/7.3.0/:/usr/lib/gcc/x86_64-pc-cygwin/:/usr/lib/gcc/x86_64-pc-cygwin/7.3.0/../../../../x86_64-pc-cygwin/bin/
LIBRARY_PATH=/usr/lib/gcc/x86_64-pc-cygwin/7.3.0/:/usr/lib/gcc/x86_64-pc-cygwin/7.3.0/../../../../x86_64-pc-cygwin/lib/../lib/:/usr/lib/gcc/x86_64-pc-cygwin/7.3.0/../../../../lib/:/lib/../lib/:/usr/lib/../lib/:/usr/lib/gcc/x86_64-pc-cygwin/7.3.0/../../../../x86_64-pc-cygwin/lib/:/usr/lib/gcc/x86_64-pc-cygwin/7.3.0/../../../:/lib/:/usr/lib/
COLLECT_GCC_OPTIONS='-v' '-o' 'cmTC_bb08d.exe' '-shared-libgcc' '-mtune=generic' '-march=x86-64'
 /usr/lib/gcc/x86_64-pc-cygwin/7.3.0/collect2.exe -plugin /usr/lib/gcc/x86_64-pc-cygwin/7.3.0/cyglto_plugin.dll -plugin-opt=/usr/lib/gcc/x86_64-pc-cygwin/7.3.0/lto-wrapper.exe -plugin-opt=-fresolution=/tmp/ccFlxGap.res -plugin-opt=-pass-through=-lgcc_s -plugin-opt=-pass-through=-lgcc -plugin-opt=-pass-through=-lcygwin -plugin-opt=-pass-through=-ladvapi32 -plugin-opt=-pass-through=-lshell32 -plugin-opt=-pass-through=-luser32 -plugin-opt=-pass-through=-lkernel32 -plugin-opt=-pass-through=-lgcc_s -plugin-opt=-pass-through=-lgcc --build-id -m i386pep --wrap _Znwm --wrap _Znam --wrap _ZdlPv --wrap _ZdaPv --wrap _ZnwmRKSt9nothrow_t --wrap _ZnamRKSt9nothrow_t --wrap _ZdlPvRKSt9nothrow_t --wrap _ZdaPvRKSt9nothrow_t -Bdynamic --dll-search-prefix=cyg --tsaware -o cmTC_bb08d.exe /usr/lib/gcc/x86_64-pc-cygwin/7.3.0/../../../../lib/crt0.o /usr/lib/gcc/x86_64-pc-cygwin/7.3.0/crtbegin.o -L/usr/lib/gcc/x86_64-pc-cygwin/7.3.0 -L/usr/lib/gcc/x86_64-pc-cygwin/7.3.0/../../../../x86_64-pc-cygwin/lib/../lib -L/usr/lib/gcc/x86_64-pc-cygwin/7.3.0/../../../../lib -L/lib/../lib -L/usr/lib/../lib -L/usr/lib/gcc/x86_64-pc-cygwin/7.3.0/../../../../x86_64-pc-cygwin/lib -L/usr/lib/gcc/x86_64-pc-cygwin/7.3.0/../../.. --enable-auto-import CMakeFiles/cmTC_bb08d.dir/CMakeCXXCompilerABI.cpp.o --out-implib libcmTC_bb08d.dll.a --major-image-version 0 --minor-image-version 0 -lstdc++ -lgcc_s -lgcc -lcygwin -ladvapi32 -lshell32 -luser32 -lkernel32 -lgcc_s -lgcc /usr/lib/gcc/x86_64-pc-cygwin/7.3.0/../../../../lib/default-manifest.o /usr/lib/gcc/x86_64-pc-cygwin/7.3.0/crtend.o
COLLECT_GCC_OPTIONS='-v' '-o' 'cmTC_bb08d.exe' '-shared-libgcc' '-mtune=generic' '-march=x86-64'
make[1]: Leaving directory '/cygdrive/c/Users/Admin/Documents/GitHub/ACM_pracstise/CF/HJH_493DIV1/cmake-build-debug/CMakeFiles/CMakeTmp'


Parsed CXX implicit link information from above output:
  link line regex: [^( *|.*[/\])(ld\.exe|CMAKE_LINK_STARTFILE-NOTFOUND|([^/\]+-)?ld|collect2)[^/\]*( |$)]
  ignore line: [Change Dir: /cygdrive/c/Users/Admin/Documents/GitHub/ACM_pracstise/CF/HJH_493DIV1/cmake-build-debug/CMakeFiles/CMakeTmp]
  ignore line: []
  ignore line: [Run Build Command:"C:/cygwin64/bin/make.exe" "cmTC_bb08d/fast"]
  ignore line: [C:/cygwin64/bin/make -f CMakeFiles/cmTC_bb08d.dir/build.make CMakeFiles/cmTC_bb08d.dir/build]
  ignore line: [make[1]: Entering directory '/cygdrive/c/Users/Admin/Documents/GitHub/ACM_pracstise/CF/HJH_493DIV1/cmake-build-debug/CMakeFiles/CMakeTmp']
  ignore line: [Building CXX object CMakeFiles/cmTC_bb08d.dir/CMakeCXXCompilerABI.cpp.o]
  ignore line: [C:/cygwin64/bin/c++.exe     -o CMakeFiles/cmTC_bb08d.dir/CMakeCXXCompilerABI.cpp.o -c /cygdrive/c/Users/Admin/.CLion2018.1/system/cygwin_cmake/share/cmake-3.10.3/Modules/CMakeCXXCompilerABI.cpp]
  ignore line: [Linking CXX executable cmTC_bb08d.exe]
  ignore line: [/cygdrive/c/Users/Admin/.CLion2018.1/system/cygwin_cmake/bin/cmake.exe -E cmake_link_script CMakeFiles/cmTC_bb08d.dir/link.txt --verbose=1]
  ignore line: [C:/cygwin64/bin/c++.exe    -Wl,--enable-auto-import -v CMakeFiles/cmTC_bb08d.dir/CMakeCXXCompilerABI.cpp.o  -o cmTC_bb08d.exe -Wl,--out-implib,libcmTC_bb08d.dll.a -Wl,--major-image-version,0,--minor-image-version,0 ]
  ignore line: [Using built-in specs.]
  ignore line: [COLLECT_GCC=C:/cygwin64/bin/c++]
  ignore line: [COLLECT_LTO_WRAPPER=/usr/lib/gcc/x86_64-pc-cygwin/7.3.0/lto-wrapper.exe]
  ignore line: [Target: x86_64-pc-cygwin]
  ignore line: [Configured with: /cygdrive/i/szsz/tmpp/gcc/gcc-7.3.0-3.x86_64/src/gcc-7.3.0/configure --srcdir=/cygdrive/i/szsz/tmpp/gcc/gcc-7.3.0-3.x86_64/src/gcc-7.3.0 --prefix=/usr --exec-prefix=/usr --localstatedir=/var --sysconfdir=/etc --docdir=/usr/share/doc/gcc --htmldir=/usr/share/doc/gcc/html -C --build=x86_64-pc-cygwin --host=x86_64-pc-cygwin --target=x86_64-pc-cygwin --without-libiconv-prefix --without-libintl-prefix --libexecdir=/usr/lib --enable-shared --enable-shared-libgcc --enable-static --enable-version-specific-runtime-libs --enable-bootstrap --enable-__cxa_atexit --with-dwarf2 --with-tune=generic --enable-languages=ada,c,c++,fortran,lto,objc,obj-c++ --enable-graphite --enable-threads=posix --enable-libatomic --enable-libcilkrts --enable-libgomp --enable-libitm --enable-libquadmath --enable-libquadmath-support --disable-libssp --enable-libada --disable-symvers --with-gnu-ld --with-gnu-as --with-cloog-include=/usr/include/cloog-isl --without-libiconv-prefix --without-libintl-prefix --with-system-zlib --enable-linker-build-id --with-default-libstdcxx-abi=gcc4-compatible --enable-libstdcxx-filesystem-ts]
  ignore line: [Thread model: posix]
  ignore line: [gcc version 7.3.0 (GCC) ]
  ignore line: [COMPILER_PATH=/usr/lib/gcc/x86_64-pc-cygwin/7.3.0/:/usr/lib/gcc/x86_64-pc-cygwin/7.3.0/:/usr/lib/gcc/x86_64-pc-cygwin/:/usr/lib/gcc/x86_64-pc-cygwin/7.3.0/:/usr/lib/gcc/x86_64-pc-cygwin/:/usr/lib/gcc/x86_64-pc-cygwin/7.3.0/../../../../x86_64-pc-cygwin/bin/]
  ignore line: [LIBRARY_PATH=/usr/lib/gcc/x86_64-pc-cygwin/7.3.0/:/usr/lib/gcc/x86_64-pc-cygwin/7.3.0/../../../../x86_64-pc-cygwin/lib/../lib/:/usr/lib/gcc/x86_64-pc-cygwin/7.3.0/../../../../lib/:/lib/../lib/:/usr/lib/../lib/:/usr/lib/gcc/x86_64-pc-cygwin/7.3.0/../../../../x86_64-pc-cygwin/lib/:/usr/lib/gcc/x86_64-pc-cygwin/7.3.0/../../../:/lib/:/usr/lib/]
  ignore line: [COLLECT_GCC_OPTIONS='-v' '-o' 'cmTC_bb08d.exe' '-shared-libgcc' '-mtune=generic' '-march=x86-64']
  link line: [ /usr/lib/gcc/x86_64-pc-cygwin/7.3.0/collect2.exe -plugin /usr/lib/gcc/x86_64-pc-cygwin/7.3.0/cyglto_plugin.dll -plugin-opt=/usr/lib/gcc/x86_64-pc-cygwin/7.3.0/lto-wrapper.exe -plugin-opt=-fresolution=/tmp/ccFlxGap.res -plugin-opt=-pass-through=-lgcc_s -plugin-opt=-pass-through=-lgcc -plugin-opt=-pass-through=-lcygwin -plugin-opt=-pass-through=-ladvapi32 -plugin-opt=-pass-through=-lshell32 -plugin-opt=-pass-through=-luser32 -plugin-opt=-pass-through=-lkernel32 -plugin-opt=-pass-through=-lgcc_s -plugin-opt=-pass-through=-lgcc --build-id -m i386pep --wrap _Znwm --wrap _Znam --wrap _ZdlPv --wrap _ZdaPv --wrap _ZnwmRKSt9nothrow_t --wrap _ZnamRKSt9nothrow_t --wrap _ZdlPvRKSt9nothrow_t --wrap _ZdaPvRKSt9nothrow_t -Bdynamic --dll-search-prefix=cyg --tsaware -o cmTC_bb08d.exe /usr/lib/gcc/x86_64-pc-cygwin/7.3.0/../../../../lib/crt0.o /usr/lib/gcc/x86_64-pc-cygwin/7.3.0/crtbegin.o -L/usr/lib/gcc/x86_64-pc-cygwin/7.3.0 -L/usr/lib/gcc/x86_64-pc-cygwin/7.3.0/../../../../x86_64-pc-cygwin/lib/../lib -L/usr/lib/gcc/x86_64-pc-cygwin/7.3.0/../../../../lib -L/lib/../lib -L/usr/lib/../lib -L/usr/lib/gcc/x86_64-pc-cygwin/7.3.0/../../../../x86_64-pc-cygwin/lib -L/usr/lib/gcc/x86_64-pc-cygwin/7.3.0/../../.. --enable-auto-import CMakeFiles/cmTC_bb08d.dir/CMakeCXXCompilerABI.cpp.o --out-implib libcmTC_bb08d.dll.a --major-image-version 0 --minor-image-version 0 -lstdc++ -lgcc_s -lgcc -lcygwin -ladvapi32 -lshell32 -luser32 -lkernel32 -lgcc_s -lgcc /usr/lib/gcc/x86_64-pc-cygwin/7.3.0/../../../../lib/default-manifest.o /usr/lib/gcc/x86_64-pc-cygwin/7.3.0/crtend.o]
    arg [/usr/lib/gcc/x86_64-pc-cygwin/7.3.0/collect2.exe] ==> ignore
    arg [-plugin] ==> ignore
    arg [/usr/lib/gcc/x86_64-pc-cygwin/7.3.0/cyglto_plugin.dll] ==> ignore
    arg [-plugin-opt=/usr/lib/gcc/x86_64-pc-cygwin/7.3.0/lto-wrapper.exe] ==> ignore
    arg [-plugin-opt=-fresolution=/tmp/ccFlxGap.res] ==> ignore
    arg [-plugin-opt=-pass-through=-lgcc_s] ==> ignore
    arg [-plugin-opt=-pass-through=-lgcc] ==> ignore
    arg [-plugin-opt=-pass-through=-lcygwin] ==> ignore
    arg [-plugin-opt=-pass-through=-ladvapi32] ==> ignore
    arg [-plugin-opt=-pass-through=-lshell32] ==> ignore
    arg [-plugin-opt=-pass-through=-luser32] ==> ignore
    arg [-plugin-opt=-pass-through=-lkernel32] ==> ignore
    arg [-plugin-opt=-pass-through=-lgcc_s] ==> ignore
    arg [-plugin-opt=-pass-through=-lgcc] ==> ignore
    arg [--build-id] ==> ignore
    arg [-m] ==> ignore
    arg [i386pep] ==> ignore
    arg [--wrap] ==> ignore
    arg [_Znwm] ==> ignore
    arg [--wrap] ==> ignore
    arg [_Znam] ==> ignore
    arg [--wrap] ==> ignore
    arg [_ZdlPv] ==> ignore
    arg [--wrap] ==> ignore
    arg [_ZdaPv] ==> ignore
    arg [--wrap] ==> ignore
    arg [_ZnwmRKSt9nothrow_t] ==> ignore
    arg [--wrap] ==> ignore
    arg [_ZnamRKSt9nothrow_t] ==> ignore
    arg [--wrap] ==> ignore
    arg [_ZdlPvRKSt9nothrow_t] ==> ignore
    arg [--wrap] ==> ignore
    arg [_ZdaPvRKSt9nothrow_t] ==> ignore
    arg [-Bdynamic] ==> ignore
    arg [--dll-search-prefix=cyg] ==> ignore
    arg [--tsaware] ==> ignore
    arg [-o] ==> ignore
    arg [cmTC_bb08d.exe] ==> ignore
    arg [/usr/lib/gcc/x86_64-pc-cygwin/7.3.0/../../../../lib/crt0.o] ==> ignore
    arg [/usr/lib/gcc/x86_64-pc-cygwin/7.3.0/crtbegin.o] ==> ignore
    arg [-L/usr/lib/gcc/x86_64-pc-cygwin/7.3.0] ==> dir [/usr/lib/gcc/x86_64-pc-cygwin/7.3.0]
    arg [-L/usr/lib/gcc/x86_64-pc-cygwin/7.3.0/../../../../x86_64-pc-cygwin/lib/../lib] ==> dir [/usr/lib/gcc/x86_64-pc-cygwin/7.3.0/../../../../x86_64-pc-cygwin/lib/../lib]
    arg [-L/usr/lib/gcc/x86_64-pc-cygwin/7.3.0/../../../../lib] ==> dir [/usr/lib/gcc/x86_64-pc-cygwin/7.3.0/../../../../lib]
    arg [-L/lib/../lib] ==> dir [/lib/../lib]
    arg [-L/usr/lib/../lib] ==> dir [/usr/lib/../lib]
    arg [-L/usr/lib/gcc/x86_64-pc-cygwin/7.3.0/../../../../x86_64-pc-cygwin/lib] ==> dir [/usr/lib/gcc/x86_64-pc-cygwin/7.3.0/../../../../x86_64-pc-cygwin/lib]
    arg [-L/usr/lib/gcc/x86_64-pc-cygwin/7.3.0/../../..] ==> dir [/usr/lib/gcc/x86_64-pc-cygwin/7.3.0/../../..]
    arg [--enable-auto-import] ==> ignore
    arg [CMakeFiles/cmTC_bb08d.dir/CMakeCXXCompilerABI.cpp.o] ==> ignore
    arg [--out-implib] ==> ignore
    arg [libcmTC_bb08d.dll.a] ==> ignore
    arg [--major-image-version] ==> ignore
    arg [0] ==> ignore
    arg [--minor-image-version] ==> ignore
    arg [0] ==> ignore
    arg [-lstdc++] ==> lib [stdc++]
    arg [-lgcc_s] ==> lib [gcc_s]
    arg [-lgcc] ==> lib [gcc]
    arg [-lcygwin] ==> lib [cygwin]
    arg [-ladvapi32] ==> lib [advapi32]
    arg [-lshell32] ==> lib [shell32]
    arg [-luser32] ==> lib [user32]
    arg [-lkernel32] ==> lib [kernel32]
    arg [-lgcc_s] ==> lib [gcc_s]
    arg [-lgcc] ==> lib [gcc]
    arg [/usr/lib/gcc/x86_64-pc-cygwin/7.3.0/../../../../lib/default-manifest.o] ==> ignore
    arg [/usr/lib/gcc/x86_64-pc-cygwin/7.3.0/crtend.o] ==> ignore
  collapse library dir [/usr/lib/gcc/x86_64-pc-cygwin/7.3.0] ==> [/usr/lib/gcc/x86_64-pc-cygwin/7.3.0]
  collapse library dir [/usr/lib/gcc/x86_64-pc-cygwin/7.3.0/../../../../x86_64-pc-cygwin/lib/../lib] ==> [/usr/x86_64-pc-cygwin/lib]
  collapse library dir [/usr/lib/gcc/x86_64-pc-cygwin/7.3.0/../../../../lib] ==> [/usr/lib]
  collapse library dir [/lib/../lib] ==> [/lib]
  collapse library dir [/usr/lib/../lib] ==> [/usr/lib]
  collapse library dir [/usr/lib/gcc/x86_64-pc-cygwin/7.3.0/../../../../x86_64-pc-cygwin/lib] ==> [/usr/x86_64-pc-cygwin/lib]
  collapse library dir [/usr/lib/gcc/x86_64-pc-cygwin/7.3.0/../../..] ==> [/usr/lib]
  implicit libs: [stdc++;gcc_s;gcc;cygwin;advapi32;shell32;user32;kernel32;gcc_s;gcc]
  implicit dirs: [/usr/lib/gcc/x86_64-pc-cygwin/7.3.0;/usr/x86_64-pc-cygwin/lib;/usr/lib;/lib]
  implicit fwks: []




Detecting CXX [-std=c++1z] compiler features compiled with the following output:
Change Dir: /cygdrive/c/Users/Admin/Documents/GitHub/ACM_pracstise/CF/HJH_493DIV1/cmake-build-debug/CMakeFiles/CMakeTmp

Run Build Command:"C:/cygwin64/bin/make.exe" "cmTC_91198/fast"
C:/cygwin64/bin/make -f CMakeFiles/cmTC_91198.dir/build.make CMakeFiles/cmTC_91198.dir/build
make[1]: Entering directory '/cygdrive/c/Users/Admin/Documents/GitHub/ACM_pracstise/CF/HJH_493DIV1/cmake-build-debug/CMakeFiles/CMakeTmp'
Building CXX object CMakeFiles/cmTC_91198.dir/feature_tests.cxx.o
C:/cygwin64/bin/c++.exe    -std=c++1z -o CMakeFiles/cmTC_91198.dir/feature_tests.cxx.o -c /cygdrive/c/Users/Admin/Documents/GitHub/ACM_pracstise/CF/HJH_493DIV1/cmake-build-debug/CMakeFiles/feature_tests.cxx
Linking CXX executable cmTC_91198.exe
/cygdrive/c/Users/Admin/.CLion2018.1/system/cygwin_cmake/bin/cmake.exe -E cmake_link_script CMakeFiles/cmTC_91198.dir/link.txt --verbose=1
C:/cygwin64/bin/c++.exe    -Wl,--enable-auto-import  CMakeFiles/cmTC_91198.dir/feature_tests.cxx.o  -o cmTC_91198.exe -Wl,--out-implib,libcmTC_91198.dll.a -Wl,--major-image-version,0,--minor-image-version,0 
make[1]: Leaving directory '/cygdrive/c/Users/Admin/Documents/GitHub/ACM_pracstise/CF/HJH_493DIV1/cmake-build-debug/CMakeFiles/CMakeTmp'


    Feature record: CXX_FEATURE:1cxx_aggregate_default_initializers
    Feature record: CXX_FEATURE:1cxx_alias_templates
    Feature record: CXX_FEATURE:1cxx_alignas
    Feature record: CXX_FEATURE:1cxx_alignof
    Feature record: CXX_FEATURE:1cxx_attributes
    Feature record: CXX_FEATURE:1cxx_attribute_deprecated
    Feature record: CXX_FEATURE:1cxx_auto_type
    Feature record: CXX_FEATURE:1cxx_binary_literals
    Feature record: CXX_FEATURE:1cxx_constexpr
    Feature record: CXX_FEATURE:1cxx_contextual_conversions
    Feature record: CXX_FEATURE:1cxx_decltype
    Feature record: CXX_FEATURE:1cxx_decltype_auto
    Feature record: CXX_FEATURE:1cxx_decltype_incomplete_return_types
    Feature record: CXX_FEATURE:1cxx_default_function_template_args
    Feature record: CXX_FEATURE:1cxx_defaulted_functions
    Feature record: CXX_FEATURE:1cxx_defaulted_move_initializers
    Feature record: CXX_FEATURE:1cxx_delegating_constructors
    Feature record: CXX_FEATURE:1cxx_deleted_functions
    Feature record: CXX_FEATURE:1cxx_digit_separators
    Feature record: CXX_FEATURE:1cxx_enum_forward_declarations
    Feature record: CXX_FEATURE:1cxx_explicit_conversions
    Feature record: CXX_FEATURE:1cxx_extended_friend_declarations
    Feature record: CXX_FEATURE:1cxx_extern_templates
    Feature record: CXX_FEATURE:1cxx_final
    Feature record: CXX_FEATURE:1cxx_func_identifier
    Feature record: CXX_FEATURE:1cxx_generalized_initializers
    Feature record: CXX_FEATURE:1cxx_generic_lambdas
    Feature record: CXX_FEATURE:1cxx_inheriting_constructors
    Feature record: CXX_FEATURE:1cxx_inline_namespaces
    Feature record: CXX_FEATURE:1cxx_lambdas
    Feature record: CXX_FEATURE:1cxx_lambda_init_captures
    Feature record: CXX_FEATURE:1cxx_local_type_template_args
    Feature record: CXX_FEATURE:1cxx_long_long_type
    Feature record: CXX_FEATURE:1cxx_noexcept
    Feature record: CXX_FEATURE:1cxx_nonstatic_member_init
    Feature record: CXX_FEATURE:1cxx_nullptr
    Feature record: CXX_FEATURE:1cxx_override
    Feature record: CXX_FEATURE:1cxx_range_for
    Feature record: CXX_FEATURE:1cxx_raw_string_literals
    Feature record: CXX_FEATURE:1cxx_reference_qualified_functions
    Feature record: CXX_FEATURE:1cxx_relaxed_constexpr
    Feature record: CXX_FEATURE:1cxx_return_type_deduction
    Feature record: CXX_FEATURE:1cxx_right_angle_brackets
    Feature record: CXX_FEATURE:1cxx_rvalue_references
    Feature record: CXX_FEATURE:1cxx_sizeof_member
    Feature record: CXX_FEATURE:1cxx_static_assert
    Feature record: CXX_FEATURE:1cxx_strong_enums
    Feature record: CXX_FEATURE:1cxx_template_template_parameters
    Feature record: CXX_FEATURE:1cxx_thread_local
    Feature record: CXX_FEATURE:1cxx_trailing_return_types
    Feature record: CXX_FEATURE:1cxx_unicode_literals
    Feature record: CXX_FEATURE:1cxx_uniform_initialization
    Feature record: CXX_FEATURE:1cxx_unrestricted_unions
    Feature record: CXX_FEATURE:1cxx_user_literals
    Feature record: CXX_FEATURE:1cxx_variable_templates
    Feature record: CXX_FEATURE:1cxx_variadic_macros
    Feature record: CXX_FEATURE:1cxx_variadic_templates


Detecting CXX [-std=c++14] compiler features compiled with the following output:
Change Dir: /cygdrive/c/Users/Admin/Documents/GitHub/ACM_pracstise/CF/HJH_493DIV1/cmake-build-debug/CMakeFiles/CMakeTmp

Run Build Command:"C:/cygwin64/bin/make.exe" "cmTC_f8e0e/fast"
C:/cygwin64/bin/make -f CMakeFiles/cmTC_f8e0e.dir/build.make CMakeFiles/cmTC_f8e0e.dir/build
make[1]: Entering directory '/cygdrive/c/Users/Admin/Documents/GitHub/ACM_pracstise/CF/HJH_493DIV1/cmake-build-debug/CMakeFiles/CMakeTmp'
Building CXX object CMakeFiles/cmTC_f8e0e.dir/feature_tests.cxx.o
C:/cygwin64/bin/c++.exe    -std=c++14 -o CMakeFiles/cmTC_f8e0e.dir/feature_tests.cxx.o -c /cygdrive/c/Users/Admin/Documents/GitHub/ACM_pracstise/CF/HJH_493DIV1/cmake-build-debug/CMakeFiles/feature_tests.cxx
Linking CXX executable cmTC_f8e0e.exe
/cygdrive/c/Users/Admin/.CLion2018.1/system/cygwin_cmake/bin/cmake.exe -E cmake_link_script CMakeFiles/cmTC_f8e0e.dir/link.txt --verbose=1
C:/cygwin64/bin/c++.exe    -Wl,--enable-auto-import  CMakeFiles/cmTC_f8e0e.dir/feature_tests.cxx.o  -o cmTC_f8e0e.exe -Wl,--out-implib,libcmTC_f8e0e.dll.a -Wl,--major-image-version,0,--minor-image-version,0 
make[1]: Leaving directory '/cygdrive/c/Users/Admin/Documents/GitHub/ACM_pracstise/CF/HJH_493DIV1/cmake-build-debug/CMakeFiles/CMakeTmp'


    Feature record: CXX_FEATURE:1cxx_aggregate_default_initializers
    Feature record: CXX_FEATURE:1cxx_alias_templates
    Feature record: CXX_FEATURE:1cxx_alignas
    Feature record: CXX_FEATURE:1cxx_alignof
    Feature record: CXX_FEATURE:1cxx_attributes
    Feature record: CXX_FEATURE:1cxx_attribute_deprecated
    Feature record: CXX_FEATURE:1cxx_auto_type
    Feature record: CXX_FEATURE:1cxx_binary_literals
    Feature record: CXX_FEATURE:1cxx_constexpr
    Feature record: CXX_FEATURE:1cxx_contextual_conversions
    Feature record: CXX_FEATURE:1cxx_decltype
    Feature record: CXX_FEATURE:1cxx_decltype_auto
    Feature record: CXX_FEATURE:1cxx_decltype_incomplete_return_types
    Feature record: CXX_FEATURE:1cxx_default_function_template_args
    Feature record: CXX_FEATURE:1cxx_defaulted_functions
    Feature record: CXX_FEATURE:1cxx_defaulted_move_initializers
    Feature record: CXX_FEATURE:1cxx_delegating_constructors
    Feature record: CXX_FEATURE:1cxx_deleted_functions
    Feature record: CXX_FEATURE:1cxx_digit_separators
    Feature record: CXX_FEATURE:1cxx_enum_forward_declarations
    Feature record: CXX_FEATURE:1cxx_explicit_conversions
    Feature record: CXX_FEATURE:1cxx_extended_friend_declarations
    Feature record: CXX_FEATURE:1cxx_extern_templates
    Feature record: CXX_FEATURE:1cxx_final
    Feature record: CXX_FEATURE:1cxx_func_identifier
    Feature record: CXX_FEATURE:1cxx_generalized_initializers
    Feature record: CXX_FEATURE:1cxx_generic_lambdas
    Feature record: CXX_FEATURE:1cxx_inheriting_constructors
    Feature record: CXX_FEATURE:1cxx_inline_namespaces
    Feature record: CXX_FEATURE:1cxx_lambdas
    Feature record: CXX_FEATURE:1cxx_lambda_init_captures
    Feature record: CXX_FEATURE:1cxx_local_type_template_args
    Feature record: CXX_FEATURE:1cxx_long_long_type
    Feature record: CXX_FEATURE:1cxx_noexcept
    Feature record: CXX_FEATURE:1cxx_nonstatic_member_init
    Feature record: CXX_FEATURE:1cxx_nullptr
    Feature record: CXX_FEATURE:1cxx_override
    Feature record: CXX_FEATURE:1cxx_range_for
    Feature record: CXX_FEATURE:1cxx_raw_string_literals
    Feature record: CXX_FEATURE:1cxx_reference_qualified_functions
    Feature record: CXX_FEATURE:1cxx_relaxed_constexpr
    Feature record: CXX_FEATURE:1cxx_return_type_deduction
    Feature record: CXX_FEATURE:1cxx_right_angle_brackets
    Feature record: CXX_FEATURE:1cxx_rvalue_references
    Feature record: CXX_FEATURE:1cxx_sizeof_member
    Feature record: CXX_FEATURE:1cxx_static_assert
    Feature record: CXX_FEATURE:1cxx_strong_enums
    Feature record: CXX_FEATURE:1cxx_template_template_parameters
    Feature record: CXX_FEATURE:1cxx_thread_local
    Feature record: CXX_FEATURE:1cxx_trailing_return_types
    Feature record: CXX_FEATURE:1cxx_unicode_literals
    Feature record: CXX_FEATURE:1cxx_uniform_initialization
    Feature record: CXX_FEATURE:1cxx_unrestricted_unions
    Feature record: CXX_FEATURE:1cxx_user_literals
    Feature record: CXX_FEATURE:1cxx_variable_templates
    Feature record: CXX_FEATURE:1cxx_variadic_macros
    Feature record: CXX_FEATURE:1cxx_variadic_templates


Detecting CXX [-std=c++11] compiler features compiled with the following output:
Change Dir: /cygdrive/c/Users/Admin/Documents/GitHub/ACM_pracstise/CF/HJH_493DIV1/cmake-build-debug/CMakeFiles/CMakeTmp

Run Build Command:"C:/cygwin64/bin/make.exe" "cmTC_e56eb/fast"
C:/cygwin64/bin/make -f CMakeFiles/cmTC_e56eb.dir/build.make CMakeFiles/cmTC_e56eb.dir/build
make[1]: Entering directory '/cygdrive/c/Users/Admin/Documents/GitHub/ACM_pracstise/CF/HJH_493DIV1/cmake-build-debug/CMakeFiles/CMakeTmp'
Building CXX object CMakeFiles/cmTC_e56eb.dir/feature_tests.cxx.o
C:/cygwin64/bin/c++.exe    -std=c++11 -o CMakeFiles/cmTC_e56eb.dir/feature_tests.cxx.o -c /cygdrive/c/Users/Admin/Documents/GitHub/ACM_pracstise/CF/HJH_493DIV1/cmake-build-debug/CMakeFiles/feature_tests.cxx
Linking CXX executable cmTC_e56eb.exe
/cygdrive/c/Users/Admin/.CLion2018.1/system/cygwin_cmake/bin/cmake.exe -E cmake_link_script CMakeFiles/cmTC_e56eb.dir/link.txt --verbose=1
C:/cygwin64/bin/c++.exe    -Wl,--enable-auto-import  CMakeFiles/cmTC_e56eb.dir/feature_tests.cxx.o  -o cmTC_e56eb.exe -Wl,--out-implib,libcmTC_e56eb.dll.a -Wl,--major-image-version,0,--minor-image-version,0 
make[1]: Leaving directory '/cygdrive/c/Users/Admin/Documents/GitHub/ACM_pracstise/CF/HJH_493DIV1/cmake-build-debug/CMakeFiles/CMakeTmp'


    Feature record: CXX_FEATURE:0cxx_aggregate_default_initializers
    Feature record: CXX_FEATURE:1cxx_alias_templates
    Feature record: CXX_FEATURE:1cxx_alignas
    Feature record: CXX_FEATURE:1cxx_alignof
    Feature record: CXX_FEATURE:1cxx_attributes
    Feature record: CXX_FEATURE:0cxx_attribute_deprecated
    Feature record: CXX_FEATURE:1cxx_auto_type
    Feature record: CXX_FEATURE:0cxx_binary_literals
    Feature record: CXX_FEATURE:1cxx_constexpr
    Feature record: CXX_FEATURE:0cxx_contextual_conversions
    Feature record: CXX_FEATURE:1cxx_decltype
    Feature record: CXX_FEATURE:0cxx_decltype_auto
    Feature record: CXX_FEATURE:1cxx_decltype_incomplete_return_types
    Feature record: CXX_FEATURE:1cxx_default_function_template_args
    Feature record: CXX_FEATURE:1cxx_defaulted_functions
    Feature record: CXX_FEATURE:1cxx_defaulted_move_initializers
    Feature record: CXX_FEATURE:1cxx_delegating_constructors
    Feature record: CXX_FEATURE:1cxx_deleted_functions
    Feature record: CXX_FEATURE:0cxx_digit_separators
    Feature record: CXX_FEATURE:1cxx_enum_forward_declarations
    Feature record: CXX_FEATURE:1cxx_explicit_conversions
    Feature record: CXX_FEATURE:1cxx_extended_friend_declarations
    Feature record: CXX_FEATURE:1cxx_extern_templates
    Feature record: CXX_FEATURE:1cxx_final
    Feature record: CXX_FEATURE:1cxx_func_identifier
    Feature record: CXX_FEATURE:1cxx_generalized_initializers
    Feature record: CXX_FEATURE:0cxx_generic_lambdas
    Feature record: CXX_FEATURE:1cxx_inheriting_constructors
    Feature record: CXX_FEATURE:1cxx_inline_namespaces
    Feature record: CXX_FEATURE:1cxx_lambdas
    Feature record: CXX_FEATURE:0cxx_lambda_init_captures
    Feature record: CXX_FEATURE:1cxx_local_type_template_args
    Feature record: CXX_FEATURE:1cxx_long_long_type
    Feature record: CXX_FEATURE:1cxx_noexcept
    Feature record: CXX_FEATURE:1cxx_nonstatic_member_init
    Feature record: CXX_FEATURE:1cxx_nullptr
    Feature record: CXX_FEATURE:1cxx_override
    Feature record: CXX_FEATURE:1cxx_range_for
    Feature record: CXX_FEATURE:1cxx_raw_string_literals
    Feature record: CXX_FEATURE:1cxx_reference_qualified_functions
    Feature record: CXX_FEATURE:0cxx_relaxed_constexpr
    Feature record: CXX_FEATURE:0cxx_return_type_deduction
    Feature record: CXX_FEATURE:1cxx_right_angle_brackets
    Feature record: CXX_FEATURE:1cxx_rvalue_references
    Feature record: CXX_FEATURE:1cxx_sizeof_member
    Feature record: CXX_FEATURE:1cxx_static_assert
    Feature record: CXX_FEATURE:1cxx_strong_enums
    Feature record: CXX_FEATURE:1cxx_template_template_parameters
    Feature record: CXX_FEATURE:1cxx_thread_local
    Feature record: CXX_FEATURE:1cxx_trailing_return_types
    Feature record: CXX_FEATURE:1cxx_unicode_literals
    Feature record: CXX_FEATURE:1cxx_uniform_initialization
    Feature record: CXX_FEATURE:1cxx_unrestricted_unions
    Feature record: CXX_FEATURE:1cxx_user_literals
    Feature record: CXX_FEATURE:0cxx_variable_templates
    Feature record: CXX_FEATURE:1cxx_variadic_macros
    Feature record: CXX_FEATURE:1cxx_variadic_templates


Detecting CXX [-std=c++98] compiler features compiled with the following output:
Change Dir: /cygdrive/c/Users/Admin/Documents/GitHub/ACM_pracstise/CF/HJH_493DIV1/cmake-build-debug/CMakeFiles/CMakeTmp

Run Build Command:"C:/cygwin64/bin/make.exe" "cmTC_8bc78/fast"
C:/cygwin64/bin/make -f CMakeFiles/cmTC_8bc78.dir/build.make CMakeFiles/cmTC_8bc78.dir/build
make[1]: Entering directory '/cygdrive/c/Users/Admin/Documents/GitHub/ACM_pracstise/CF/HJH_493DIV1/cmake-build-debug/CMakeFiles/CMakeTmp'
Building CXX object CMakeFiles/cmTC_8bc78.dir/feature_tests.cxx.o
C:/cygwin64/bin/c++.exe    -std=c++98 -o CMakeFiles/cmTC_8bc78.dir/feature_tests.cxx.o -c /cygdrive/c/Users/Admin/Documents/GitHub/ACM_pracstise/CF/HJH_493DIV1/cmake-build-debug/CMakeFiles/feature_tests.cxx
Linking CXX executable cmTC_8bc78.exe
/cygdrive/c/Users/Admin/.CLion2018.1/system/cygwin_cmake/bin/cmake.exe -E cmake_link_script CMakeFiles/cmTC_8bc78.dir/link.txt --verbose=1
C:/cygwin64/bin/c++.exe    -Wl,--enable-auto-import  CMakeFiles/cmTC_8bc78.dir/feature_tests.cxx.o  -o cmTC_8bc78.exe -Wl,--out-implib,libcmTC_8bc78.dll.a -Wl,--major-image-version,0,--minor-image-version,0 
make[1]: Leaving directory '/cygdrive/c/Users/Admin/Documents/GitHub/ACM_pracstise/CF/HJH_493DIV1/cmake-build-debug/CMakeFiles/CMakeTmp'


    Feature record: CXX_FEATURE:0cxx_aggregate_default_initializers
    Feature record: CXX_FEATURE:0cxx_alias_templates
    Feature record: CXX_FEATURE:0cxx_alignas
    Feature record: CXX_FEATURE:0cxx_alignof
    Feature record: CXX_FEATURE:0cxx_attributes
    Feature record: CXX_FEATURE:0cxx_attribute_deprecated
    Feature record: CXX_FEATURE:0cxx_auto_type
    Feature record: CXX_FEATURE:0cxx_binary_literals
    Feature record: CXX_FEATURE:0cxx_constexpr
    Feature record: CXX_FEATURE:0cxx_contextual_conversions
    Feature record: CXX_FEATURE:0cxx_decltype
    Feature record: CXX_FEATURE:0cxx_decltype_auto
    Feature record: CXX_FEATURE:0cxx_decltype_incomplete_return_types
    Feature record: CXX_FEATURE:0cxx_default_function_template_args
    Feature record: CXX_FEATURE:0cxx_defaulted_functions
    Feature record: CXX_FEATURE:0cxx_defaulted_move_initializers
    Feature record: CXX_FEATURE:0cxx_delegating_constructors
    Feature record: CXX_FEATURE:0cxx_deleted_functions
    Feature record: CXX_FEATURE:0cxx_digit_separators
    Feature record: CXX_FEATURE:0cxx_enum_forward_declarations
    Feature record: CXX_FEATURE:0cxx_explicit_conversions
    Feature record: CXX_FEATURE:0cxx_extended_friend_declarations
    Feature record: CXX_FEATURE:0cxx_extern_templates
    Feature record: CXX_FEATURE:0cxx_final
    Feature record: CXX_FEATURE:0cxx_func_identifier
    Feature record: CXX_FEATURE:0cxx_generalized_initializers
    Feature record: CXX_FEATURE:0cxx_generic_lambdas
    Feature record: CXX_FEATURE:0cxx_inheriting_constructors
    Feature record: CXX_FEATURE:0cxx_inline_namespaces
    Feature record: CXX_FEATURE:0cxx_lambdas
    Feature record: CXX_FEATURE:0cxx_lambda_init_captures
    Feature record: CXX_FEATURE:0cxx_local_type_template_args
    Feature record: CXX_FEATURE:0cxx_long_long_type
    Feature record: CXX_FEATURE:0cxx_noexcept
    Feature record: CXX_FEATURE:0cxx_nonstatic_member_init
    Feature record: CXX_FEATURE:0cxx_nullptr
    Feature record: CXX_FEATURE:0cxx_override
    Feature record: CXX_FEATURE:0cxx_range_for
    Feature record: CXX_FEATURE:0cxx_raw_string_literals
    Feature record: CXX_FEATURE:0cxx_reference_qualified_functions
    Feature record: CXX_FEATURE:0cxx_relaxed_constexpr
    Feature record: CXX_FEATURE:0cxx_return_type_deduction
    Feature record: CXX_FEATURE:0cxx_right_angle_brackets
    Feature record: CXX_FEATURE:0cxx_rvalue_references
    Feature record: CXX_FEATURE:0cxx_sizeof_member
    Feature record: CXX_FEATURE:0cxx_static_assert
    Feature record: CXX_FEATURE:0cxx_strong_enums
    Feature record: CXX_FEATURE:1cxx_template_template_parameters
    Feature record: CXX_FEATURE:0cxx_thread_local
    Feature record: CXX_FEATURE:0cxx_trailing_return_types
    Feature record: CXX_FEATURE:0cxx_unicode_literals
    Feature record: CXX_FEATURE:0cxx_uniform_initialization
    Feature record: CXX_FEATURE:0cxx_unrestricted_unions
    Feature record: CXX_FEATURE:0cxx_user_literals
    Feature record: CXX_FEATURE:0cxx_variable_templates
    Feature record: CXX_FEATURE:0cxx_variadic_macros
    Feature record: CXX_FEATURE:0cxx_variadic_templates
